<?xml version="1.0" encoding="UTF-8"?>
<!-- Generated by org.testng.reporters.JUnitXMLReporter -->
<testsuite ignored="0" hostname="LAPTOP-2KSQGHOC" failures="0" tests="4" name="Default test" time="69.601" errors="0" timestamp="2025-03-11T15:07:41 IST">
  <testcase classname="test.S2_F2AdminTest" name="testGetAllMenuOptions" time="8.066"/>
  <testcase classname="test.S2_F2AdminTest" name="testSearchByUserRole" time="10.517"/>
  <testcase classname="test.S2_F2AdminTest" name="testSearchByUserStatus" time="11.247"/>
  <testcase classname="test.S2_F2AdminTest" name="testSearchByUsername" time="10.465"/>
</testsuite> <!-- Default test -->
